<?xml version="1.0" encoding="UTF-8"?>
<!-- Generated by org.testng.reporters.JUnitReportReporter -->
<testsuite skipped="0" hostname="ShiluMukund" name="com.newtours.tests.BookFlightTest" tests="20" failures="0" timestamp="23 May 2020 10:11:07 GMT" time="40.026" errors="0">
  <testcase name="registrationConfirmationPage" time="0.848" classname="com.newtours.tests.BookFlightTest"/>
  <testcase name="flightDetailsPage" time="1.651" classname="com.newtours.tests.BookFlightTest"/>
  <testcase name="registrationConfirmationPage" time="1.297" classname="com.newtours.tests.BookFlightTest"/>
  <testcase name="flightDetailsPage" time="1.878" classname="com.newtours.tests.BookFlightTest"/>
  <testcase name="findFlightPage" time="2.055" classname="com.newtours.tests.BookFlightTest"/>
  <testcase name="registrationPage" time="3.367" classname="com.newtours.tests.BookFlightTest"/>
  <testcase name="registrationPage" time="6.175" classname="com.newtours.tests.BookFlightTest"/>
  <testcase name="flightConfirmationPage" time="1.109" classname="com.newtours.tests.BookFlightTest"/>
  <testcase name="flightDetailsPage" time="0.857" classname="com.newtours.tests.BookFlightTest"/>
  <testcase name="flightDetailsPage" time="1.016" classname="com.newtours.tests.BookFlightTest"/>
  <testcase name="findFlightPage" time="2.087" classname="com.newtours.tests.BookFlightTest"/>
  <testcase name="findFlightPage" time="2.437" classname="com.newtours.tests.BookFlightTest"/>
  <testcase name="registrationPage" time="3.633" classname="com.newtours.tests.BookFlightTest"/>
  <testcase name="flightConfirmationPage" time="0.985" classname="com.newtours.tests.BookFlightTest"/>
  <testcase name="flightConfirmationPage" time="1.088" classname="com.newtours.tests.BookFlightTest"/>
  <testcase name="registrationConfirmationPage" time="0.850" classname="com.newtours.tests.BookFlightTest"/>
  <testcase name="flightConfirmationPage" time="1.099" classname="com.newtours.tests.BookFlightTest"/>
  <testcase name="registrationPage" time="3.812" classname="com.newtours.tests.BookFlightTest"/>
  <testcase name="registrationConfirmationPage" time="1.554" classname="com.newtours.tests.BookFlightTest"/>
  <testcase name="findFlightPage" time="2.228" classname="com.newtours.tests.BookFlightTest"/>
</testsuite> <!-- com.newtours.tests.BookFlightTest -->
